<?xml version="1.0" encoding="UTF-8"?>
<!-- Generated by org.testng.reporters.JUnitReportReporter -->
<testsuite hostname="DESKTOP-0SMHA22" failures="0" tests="1" name="runner.TestRunner" time="12.114" errors="0" timestamp="2022-06-17T10:21:36 IST" skipped="0">
  <testcase classname="runner.TestRunner" name="runScenario" time="12.114"/>
  <system-out/>
</testsuite> <!-- runner.TestRunner -->
