<?xml version="1.0" encoding="UTF-8" standalone="no"?>
<testsuite errors="0" failures="0" name="io.cucumber.core.plugin.JUnitFormatter" skipped="0" tests="1" time="12.242">
    <testcase classname="Checking Search Functionality of Google" name="Verify whether Search Functionality is working or not" time="11.919">
        <system-out><![CDATA[Given user opens the browser................................................passed
When user enters url "https://www.google.com/"..............................passed
And user enters search data in inputbox 'java'..............................passed
And user press enter........................................................passed
Then Verify whether results are showing or not..............................passed
]]></system-out>
    </testcase>
</testsuite>
